<<<<<<< HEAD
2020-08-27T04:52:16.580Z | error | uncaughtException: Unexpected token u in JSON at position 0
SyntaxError: Unexpected token u in JSON at position 0
    at JSON.parse (<anonymous>)
    at Query.<anonymous> (E:\UCSC\3rd_Year\1st_Semester\Group_Project_II\Project\server\src\models\test_model.js:64:22)
    at Query.<anonymous> (E:\UCSC\3rd_Year\1st_Semester\Group_Project_II\Project\server\node_modules\mysql\lib\Connection.js:526:10)
    at Query._callback (E:\UCSC\3rd_Year\1st_Semester\Group_Project_II\Project\server\node_modules\mysql\lib\Connection.js:488:16)
    at Query.Sequence.end (E:\UCSC\3rd_Year\1st_Semester\Group_Project_II\Project\server\node_modules\mysql\lib\protocol\sequences\Sequence.js:83:24)
    at Query.ErrorPacket (E:\UCSC\3rd_Year\1st_Semester\Group_Project_II\Project\server\node_modules\mysql\lib\protocol\sequences\Query.js:92:8)
    at Protocol._parsePacket (E:\UCSC\3rd_Year\1st_Semester\Group_Project_II\Project\server\node_modules\mysql\lib\protocol\Protocol.js:291:23)
    at Parser._parsePacket (E:\UCSC\3rd_Year\1st_Semester\Group_Project_II\Project\server\node_modules\mysql\lib\protocol\Parser.js:433:10)
    at Parser.write (E:\UCSC\3rd_Year\1st_Semester\Group_Project_II\Project\server\node_modules\mysql\lib\protocol\Parser.js:43:10)
    at Protocol.write (E:\UCSC\3rd_Year\1st_Semester\Group_Project_II\Project\server\node_modules\mysql\lib\protocol\Protocol.js:38:16)
2020-08-27T04:52:16.597Z | error | ER_PARSE_ERROR: You have an error in your SQL syntax; check the manual that corresponds to your MariaDB server version for the right syntax to use near 'lock,
      status,
      supplier_id,
      procurement_id,
      total,
      ' at line 4
2020-08-27T04:55:48.508Z | error | uncaughtException: Unexpected token u in JSON at position 0
SyntaxError: Unexpected token u in JSON at position 0
    at JSON.parse (<anonymous>)
    at Query.<anonymous> (E:\UCSC\3rd_Year\1st_Semester\Group_Project_II\Project\server\src\models\test_model.js:41:22)
    at Query.<anonymous> (E:\UCSC\3rd_Year\1st_Semester\Group_Project_II\Project\server\node_modules\mysql\lib\Connection.js:526:10)
    at Query._callback (E:\UCSC\3rd_Year\1st_Semester\Group_Project_II\Project\server\node_modules\mysql\lib\Connection.js:488:16)
    at Query.Sequence.end (E:\UCSC\3rd_Year\1st_Semester\Group_Project_II\Project\server\node_modules\mysql\lib\protocol\sequences\Sequence.js:83:24)
    at Query.ErrorPacket (E:\UCSC\3rd_Year\1st_Semester\Group_Project_II\Project\server\node_modules\mysql\lib\protocol\sequences\Query.js:92:8)
    at Protocol._parsePacket (E:\UCSC\3rd_Year\1st_Semester\Group_Project_II\Project\server\node_modules\mysql\lib\protocol\Protocol.js:291:23)
    at Parser._parsePacket (E:\UCSC\3rd_Year\1st_Semester\Group_Project_II\Project\server\node_modules\mysql\lib\protocol\Parser.js:433:10)
    at Parser.write (E:\UCSC\3rd_Year\1st_Semester\Group_Project_II\Project\server\node_modules\mysql\lib\protocol\Parser.js:43:10)
    at Protocol.write (E:\UCSC\3rd_Year\1st_Semester\Group_Project_II\Project\server\node_modules\mysql\lib\protocol\Protocol.js:38:16)
2020-08-27T04:55:48.521Z | error | ER_PARSE_ERROR: You have an error in your SQL syntax; check the manual that corresponds to your MariaDB server version for the right syntax to use near 'lock, status, supplier_id, procurement_id, total, total_with_vat, vat_no, author' at line 1
2020-08-27T05:00:05.081Z | error | uncaughtException: Unexpected token u in JSON at position 0
SyntaxError: Unexpected token u in JSON at position 0
    at JSON.parse (<anonymous>)
    at Query.<anonymous> (E:\UCSC\3rd_Year\1st_Semester\Group_Project_II\Project\server\src\models\test_model.js:42:22)
    at Query.<anonymous> (E:\UCSC\3rd_Year\1st_Semester\Group_Project_II\Project\server\node_modules\mysql\lib\Connection.js:526:10)
    at Query._callback (E:\UCSC\3rd_Year\1st_Semester\Group_Project_II\Project\server\node_modules\mysql\lib\Connection.js:488:16)
    at Query.Sequence.end (E:\UCSC\3rd_Year\1st_Semester\Group_Project_II\Project\server\node_modules\mysql\lib\protocol\sequences\Sequence.js:83:24)
    at Query.ErrorPacket (E:\UCSC\3rd_Year\1st_Semester\Group_Project_II\Project\server\node_modules\mysql\lib\protocol\sequences\Query.js:92:8)
    at Protocol._parsePacket (E:\UCSC\3rd_Year\1st_Semester\Group_Project_II\Project\server\node_modules\mysql\lib\protocol\Protocol.js:291:23)
    at Parser._parsePacket (E:\UCSC\3rd_Year\1st_Semester\Group_Project_II\Project\server\node_modules\mysql\lib\protocol\Parser.js:433:10)
    at Parser.write (E:\UCSC\3rd_Year\1st_Semester\Group_Project_II\Project\server\node_modules\mysql\lib\protocol\Parser.js:43:10)
    at Protocol.write (E:\UCSC\3rd_Year\1st_Semester\Group_Project_II\Project\server\node_modules\mysql\lib\protocol\Protocol.js:38:16)
2020-08-27T05:00:05.091Z | error | ER_PARSE_ERROR: You have an error in your SQL syntax; check the manual that corresponds to your MariaDB server version for the right syntax to use near 'lock, status, supplier_id, procurement_id, total, total_with_vat, vat_no, author' at line 1
2020-08-27T05:01:36.802Z | error | ER_PARSE_ERROR: You have an error in your SQL syntax; check the manual that corresponds to your MariaDB server version for the right syntax to use near 'lock, status, supplier_id, procurement_id, total, total_with_vat, vat_no, author' at line 1
2020-08-27T05:10:21.421Z | error | ER_PARSE_ERROR: You have an error in your SQL syntax; check the manual that corresponds to your MariaDB server version for the right syntax to use near 'lock, status, supplier_id, procurement_id, total, total_with_vat, vat_no, author' at line 1
2020-08-27T05:12:00.154Z | error | ER_PARSE_ERROR: You have an error in your SQL syntax; check the manual that corresponds to your MariaDB server version for the right syntax to use near 'lock, status, supplier_id, procurement_id, total, total_with_vat, vat_no, author' at line 1
2020-08-27T05:12:11.237Z | error | ER_PARSE_ERROR: You have an error in your SQL syntax; check the manual that corresponds to your MariaDB server version for the right syntax to use near 'lock, status, supplier_id, procurement_id, total, total_with_vat, vat_no, author' at line 1
2020-08-27T05:13:00.649Z | error | ER_PARSE_ERROR: You have an error in your SQL syntax; check the manual that corresponds to your MariaDB server version for the right syntax to use near 'lock, status, supplier_id, procurement_id, total, total_with_vat, vat_no, author' at line 1
2020-08-27T05:31:20.829Z | error | uncaughtException: createBid is not defined
ReferenceError: createBid is not defined
    at Object.<anonymous> (E:\UCSC\3rd_Year\1st_Semester\Group_Project_II\Project\server\src\models\test_model.js:33:3)
    at Module._compile (internal/modules/cjs/loader.js:1138:30)
    at Object.Module._extensions..js (internal/modules/cjs/loader.js:1158:10)
    at Module.load (internal/modules/cjs/loader.js:986:32)
    at Function.Module._load (internal/modules/cjs/loader.js:879:14)
    at Module.require (internal/modules/cjs/loader.js:1026:19)
    at require (internal/modules/cjs/helpers.js:72:18)
    at Object.<anonymous> (E:\UCSC\3rd_Year\1st_Semester\Group_Project_II\Project\server\src\api\routes\test_routes.js:9:19)
    at Module._compile (internal/modules/cjs/loader.js:1138:30)
    at Object.Module._extensions..js (internal/modules/cjs/loader.js:1158:10)
=======
<<<<<<< HEAD
2020-08-23T17:23:15.016Z | error | Server Has Started listening on PORT: 5000
2020-08-23T17:27:33.051Z | error | Server Has Started listening on PORT: 5000
2020-08-24T06:51:20.512Z | error | uncaughtException: Unexpected token <<
D:\UCSC\Group-Project-II\server\src\models\mysql.js:12
<<<<<<< HEAD
^^

SyntaxError: Unexpected token <<
    at new Script (vm.js:79:7)
    at createScript (vm.js:251:10)
    at Object.runInThisContext (vm.js:303:10)
    at Module._compile (internal/modules/cjs/loader.js:657:28)
    at Object.Module._extensions..js (internal/modules/cjs/loader.js:700:10)
    at Module.load (internal/modules/cjs/loader.js:599:32)
    at tryModuleLoad (internal/modules/cjs/loader.js:538:12)
    at Function.Module._load (internal/modules/cjs/loader.js:530:3)
    at Module.require (internal/modules/cjs/loader.js:637:17)
    at require (internal/modules/cjs/helpers.js:22:18)
2020-08-24T07:19:03.829Z | error | uncaughtException: Unexpected token <<
D:\UCSC\Group-Project-II\server\src\models\mysql.js:12
<<<<<<< HEAD
^^

SyntaxError: Unexpected token <<
    at new Script (vm.js:79:7)
    at createScript (vm.js:251:10)
    at Object.runInThisContext (vm.js:303:10)
    at Module._compile (internal/modules/cjs/loader.js:657:28)
    at Object.Module._extensions..js (internal/modules/cjs/loader.js:700:10)
    at Module.load (internal/modules/cjs/loader.js:599:32)
    at tryModuleLoad (internal/modules/cjs/loader.js:538:12)
    at Function.Module._load (internal/modules/cjs/loader.js:530:3)
    at Module.require (internal/modules/cjs/loader.js:637:17)
    at require (internal/modules/cjs/helpers.js:22:18)
<<<<<<< HEAD
2020-08-24T07:56:46.377Z | error | uncaughtException: aws is not defined
ReferenceError: aws is not defined
    at Object.<anonymous> (C:\Users\Asus\Desktop\GitHub\ucsc-e-procurement\server\src\models\mysql.js:12:1)
    at Module._compile (internal/modules/cjs/loader.js:1133:30)
    at Object.Module._extensions..js (internal/modules/cjs/loader.js:1153:10)
    at Module.load (internal/modules/cjs/loader.js:977:32)
    at Function.Module._load (internal/modules/cjs/loader.js:877:14)
    at Module.require (internal/modules/cjs/loader.js:1019:19)
    at require (internal/modules/cjs/helpers.js:77:18)
    at Object.<anonymous> (C:\Users\Asus\Desktop\GitHub\ucsc-e-procurement\server\src\models\test_model.js:1:12)
    at Module._compile (internal/modules/cjs/loader.js:1133:30)
    at Object.Module._extensions..js (internal/modules/cjs/loader.js:1153:10)
2020-08-24T07:56:49.480Z | error | uncaughtException: aws is not defined
ReferenceError: aws is not defined
    at Object.<anonymous> (C:\Users\Asus\Desktop\GitHub\ucsc-e-procurement\server\src\models\mysql.js:12:1)
    at Module._compile (internal/modules/cjs/loader.js:1133:30)
    at Object.Module._extensions..js (internal/modules/cjs/loader.js:1153:10)
    at Module.load (internal/modules/cjs/loader.js:977:32)
    at Function.Module._load (internal/modules/cjs/loader.js:877:14)
    at Module.require (internal/modules/cjs/loader.js:1019:19)
    at require (internal/modules/cjs/helpers.js:77:18)
    at Object.<anonymous> (C:\Users\Asus\Desktop\GitHub\ucsc-e-procurement\server\src\models\test_model.js:1:12)
    at Module._compile (internal/modules/cjs/loader.js:1133:30)
    at Object.Module._extensions..js (internal/modules/cjs/loader.js:1153:10)
2020-08-24T08:09:07.092Z | error | uncaughtException: localhost is not defined
ReferenceError: localhost is not defined
    at Object.<anonymous> (C:\Users\Asus\Desktop\GitHub\ucsc-e-procurement\server\src\models\mysql.js:29:1)
    at Module._compile (internal/modules/cjs/loader.js:1133:30)
    at Object.Module._extensions..js (internal/modules/cjs/loader.js:1153:10)
    at Module.load (internal/modules/cjs/loader.js:977:32)
    at Function.Module._load (internal/modules/cjs/loader.js:877:14)
    at Module.require (internal/modules/cjs/loader.js:1019:19)
    at require (internal/modules/cjs/helpers.js:77:18)
    at Object.<anonymous> (C:\Users\Asus\Desktop\GitHub\ucsc-e-procurement\server\src\models\test_model.js:1:12)
    at Module._compile (internal/modules/cjs/loader.js:1133:30)
    at Object.Module._extensions..js (internal/modules/cjs/loader.js:1153:10)
2020-08-24T08:09:13.647Z | error | uncaughtException: localhost is not defined
ReferenceError: localhost is not defined
    at Object.<anonymous> (C:\Users\Asus\Desktop\GitHub\ucsc-e-procurement\server\src\models\mysql.js:29:1)
    at Module._compile (internal/modules/cjs/loader.js:1133:30)
    at Object.Module._extensions..js (internal/modules/cjs/loader.js:1153:10)
    at Module.load (internal/modules/cjs/loader.js:977:32)
    at Function.Module._load (internal/modules/cjs/loader.js:877:14)
    at Module.require (internal/modules/cjs/loader.js:1019:19)
    at require (internal/modules/cjs/helpers.js:77:18)
    at Object.<anonymous> (C:\Users\Asus\Desktop\GitHub\ucsc-e-procurement\server\src\models\test_model.js:1:12)
    at Module._compile (internal/modules/cjs/loader.js:1133:30)
    at Object.Module._extensions..js (internal/modules/cjs/loader.js:1153:10)
2020-08-24T08:10:33.416Z | error | uncaughtException: aws is not defined
ReferenceError: aws is not defined
    at Object.<anonymous> (C:\Users\Asus\Desktop\GitHub\ucsc-e-procurement\server\src\models\mysql.js:37:1)
    at Module._compile (internal/modules/cjs/loader.js:1133:30)
    at Object.Module._extensions..js (internal/modules/cjs/loader.js:1153:10)
    at Module.load (internal/modules/cjs/loader.js:977:32)
    at Function.Module._load (internal/modules/cjs/loader.js:877:14)
    at Module.require (internal/modules/cjs/loader.js:1019:19)
    at require (internal/modules/cjs/helpers.js:77:18)
    at Object.<anonymous> (C:\Users\Asus\Desktop\GitHub\ucsc-e-procurement\server\src\models\test_model.js:1:12)
    at Module._compile (internal/modules/cjs/loader.js:1133:30)
    at Object.Module._extensions..js (internal/modules/cjs/loader.js:1153:10)
2020-08-24T08:10:35.001Z | error | uncaughtException: aws is not defined
ReferenceError: aws is not defined
    at Object.<anonymous> (C:\Users\Asus\Desktop\GitHub\ucsc-e-procurement\server\src\models\mysql.js:37:1)
    at Module._compile (internal/modules/cjs/loader.js:1133:30)
    at Object.Module._extensions..js (internal/modules/cjs/loader.js:1153:10)
    at Module.load (internal/modules/cjs/loader.js:977:32)
    at Function.Module._load (internal/modules/cjs/loader.js:877:14)
    at Module.require (internal/modules/cjs/loader.js:1019:19)
    at require (internal/modules/cjs/helpers.js:77:18)
    at Object.<anonymous> (C:\Users\Asus\Desktop\GitHub\ucsc-e-procurement\server\src\models\test_model.js:1:12)
    at Module._compile (internal/modules/cjs/loader.js:1133:30)
    at Object.Module._extensions..js (internal/modules/cjs/loader.js:1153:10)
=======
2020-08-26T13:16:35.129Z | error | uncaughtException: Unexpected token u in JSON at position 0
SyntaxError: Unexpected token u in JSON at position 0
    at JSON.parse (<anonymous>)
    at Query.db.query (D:\UCSC\Group-Project-II\server\src\models\tec_team_model.js:356:22)
    at Query.<anonymous> (D:\UCSC\Group-Project-II\server\node_modules\mysql\lib\Connection.js:526:10)
    at Query._callback (D:\UCSC\Group-Project-II\server\node_modules\mysql\lib\Connection.js:488:16)
    at Query.Sequence.end (D:\UCSC\Group-Project-II\server\node_modules\mysql\lib\protocol\sequences\Sequence.js:83:24)
    at Query.ErrorPacket (D:\UCSC\Group-Project-II\server\node_modules\mysql\lib\protocol\sequences\Query.js:92:8)
    at Protocol._parsePacket (D:\UCSC\Group-Project-II\server\node_modules\mysql\lib\protocol\Protocol.js:291:23)
    at Parser._parsePacket (D:\UCSC\Group-Project-II\server\node_modules\mysql\lib\protocol\Parser.js:433:10)
    at Parser.write (D:\UCSC\Group-Project-II\server\node_modules\mysql\lib\protocol\Parser.js:43:10)
    at Protocol.write (D:\UCSC\Group-Project-II\server\node_modules\mysql\lib\protocol\Protocol.js:38:16)
2020-08-26T14:25:50.166Z | error | uncaughtException: Unexpected token u in JSON at position 0
SyntaxError: Unexpected token u in JSON at position 0
    at JSON.parse (<anonymous>)
    at Query.db.query (D:\UCSC\Group-Project-II\server\src\models\tec_team_model.js:357:22)
    at Query.<anonymous> (D:\UCSC\Group-Project-II\server\node_modules\mysql\lib\Connection.js:526:10)
    at Query._callback (D:\UCSC\Group-Project-II\server\node_modules\mysql\lib\Connection.js:488:16)
    at Query.Sequence.end (D:\UCSC\Group-Project-II\server\node_modules\mysql\lib\protocol\sequences\Sequence.js:83:24)
    at Query.ErrorPacket (D:\UCSC\Group-Project-II\server\node_modules\mysql\lib\protocol\sequences\Query.js:92:8)
    at Protocol._parsePacket (D:\UCSC\Group-Project-II\server\node_modules\mysql\lib\protocol\Protocol.js:291:23)
    at Parser._parsePacket (D:\UCSC\Group-Project-II\server\node_modules\mysql\lib\protocol\Parser.js:433:10)
    at Parser.write (D:\UCSC\Group-Project-II\server\node_modules\mysql\lib\protocol\Parser.js:43:10)
    at Protocol.write (D:\UCSC\Group-Project-II\server\node_modules\mysql\lib\protocol\Protocol.js:38:16)
=======
>>>>>>> 5ac5edb45b9e6ae22c85fdced1aaa8f80dfeece2
2020-08-26T16:31:19.886Z | error | uncaughtException: Cannot find module 'formidable'
Error: Cannot find module 'formidable'
    at Function.Module._resolveFilename (internal/modules/cjs/loader.js:581:15)
    at Function.Module._load (internal/modules/cjs/loader.js:507:25)
    at Module.require (internal/modules/cjs/loader.js:637:17)
    at require (internal/modules/cjs/helpers.js:22:18)
    at Object.<anonymous> (D:\UCSC\Group-Project-II\server\src\api\routes\supplier.js:3:20)
    at Module._compile (internal/modules/cjs/loader.js:689:30)
    at Object.Module._extensions..js (internal/modules/cjs/loader.js:700:10)
    at Module.load (internal/modules/cjs/loader.js:599:32)
    at tryModuleLoad (internal/modules/cjs/loader.js:538:12)
    at Function.Module._load (internal/modules/cjs/loader.js:530:3)
>>>>>>> f0697a9cd211151673fe0c358b34ad3cc5c376f9
>>>>>>> fa371534bffe8e894952ee9a76808b684cd2f2f9
2020-08-27T15:49:53.455Z | error | uncaughtException: Cannot find module 'formidable'
Require stack:
- C:\Users\Asus\Desktop\GitHub\ucsc-e-procurement\server\src\api\routes\supplier.js
- C:\Users\Asus\Desktop\GitHub\ucsc-e-procurement\server\src\api\index.js
- C:\Users\Asus\Desktop\GitHub\ucsc-e-procurement\server\src\loaders\express.js
- C:\Users\Asus\Desktop\GitHub\ucsc-e-procurement\server\src\loaders\index.js
- C:\Users\Asus\Desktop\GitHub\ucsc-e-procurement\server\src\index.js
Error: Cannot find module 'formidable'
Require stack:
- C:\Users\Asus\Desktop\GitHub\ucsc-e-procurement\server\src\api\routes\supplier.js
- C:\Users\Asus\Desktop\GitHub\ucsc-e-procurement\server\src\api\index.js
- C:\Users\Asus\Desktop\GitHub\ucsc-e-procurement\server\src\loaders\express.js
- C:\Users\Asus\Desktop\GitHub\ucsc-e-procurement\server\src\loaders\index.js
- C:\Users\Asus\Desktop\GitHub\ucsc-e-procurement\server\src\index.js
    at Function.Module._resolveFilename (internal/modules/cjs/loader.js:957:15)
    at Function.Module._load (internal/modules/cjs/loader.js:840:27)
    at Module.require (internal/modules/cjs/loader.js:1019:19)
    at require (internal/modules/cjs/helpers.js:77:18)
    at Object.<anonymous> (C:\Users\Asus\Desktop\GitHub\ucsc-e-procurement\server\src\api\routes\supplier.js:3:20)
    at Module._compile (internal/modules/cjs/loader.js:1133:30)
    at Object.Module._extensions..js (internal/modules/cjs/loader.js:1153:10)
    at Module.load (internal/modules/cjs/loader.js:977:32)
    at Function.Module._load (internal/modules/cjs/loader.js:877:14)
    at Module.require (internal/modules/cjs/loader.js:1019:19)
2020-08-27T15:52:33.080Z | error | uncaughtException: Cannot find module 'formidable'
Require stack:
- C:\Users\Asus\Desktop\GitHub\ucsc-e-procurement\server\src\api\routes\supplier.js
- C:\Users\Asus\Desktop\GitHub\ucsc-e-procurement\server\src\api\index.js
- C:\Users\Asus\Desktop\GitHub\ucsc-e-procurement\server\src\loaders\express.js
- C:\Users\Asus\Desktop\GitHub\ucsc-e-procurement\server\src\loaders\index.js
- C:\Users\Asus\Desktop\GitHub\ucsc-e-procurement\server\src\index.js
Error: Cannot find module 'formidable'
Require stack:
- C:\Users\Asus\Desktop\GitHub\ucsc-e-procurement\server\src\api\routes\supplier.js
- C:\Users\Asus\Desktop\GitHub\ucsc-e-procurement\server\src\api\index.js
- C:\Users\Asus\Desktop\GitHub\ucsc-e-procurement\server\src\loaders\express.js
- C:\Users\Asus\Desktop\GitHub\ucsc-e-procurement\server\src\loaders\index.js
- C:\Users\Asus\Desktop\GitHub\ucsc-e-procurement\server\src\index.js
    at Function.Module._resolveFilename (internal/modules/cjs/loader.js:957:15)
    at Function.Module._load (internal/modules/cjs/loader.js:840:27)
    at Module.require (internal/modules/cjs/loader.js:1019:19)
    at require (internal/modules/cjs/helpers.js:77:18)
    at Object.<anonymous> (C:\Users\Asus\Desktop\GitHub\ucsc-e-procurement\server\src\api\routes\supplier.js:3:20)
    at Module._compile (internal/modules/cjs/loader.js:1133:30)
    at Object.Module._extensions..js (internal/modules/cjs/loader.js:1153:10)
    at Module.load (internal/modules/cjs/loader.js:977:32)
    at Function.Module._load (internal/modules/cjs/loader.js:877:14)
    at Module.require (internal/modules/cjs/loader.js:1019:19)
2020-08-27T19:04:35.368Z | error | uncaughtException: Unexpected token '}'
C:\Users\Asus\Desktop\GitHub\ucsc-e-procurement\server\src\api\routes\director_routes.js:355
};
^

SyntaxError: Unexpected token '}'
    at wrapSafe (internal/modules/cjs/loader.js:1047:16)
    at Module._compile (internal/modules/cjs/loader.js:1097:27)
    at Object.Module._extensions..js (internal/modules/cjs/loader.js:1153:10)
    at Module.load (internal/modules/cjs/loader.js:977:32)
    at Function.Module._load (internal/modules/cjs/loader.js:877:14)
    at Module.require (internal/modules/cjs/loader.js:1019:19)
    at require (internal/modules/cjs/helpers.js:77:18)
    at Object.<anonymous> (C:\Users\Asus\Desktop\GitHub\ucsc-e-procurement\server\src\api\index.js:9:18)
    at Module._compile (internal/modules/cjs/loader.js:1133:30)
    at Object.Module._extensions..js (internal/modules/cjs/loader.js:1153:10)
2020-08-27T19:22:29.826Z | error | uncaughtException: Unexpected token '}'
C:\Users\Asus\Desktop\GitHub\ucsc-e-procurement\server\src\api\routes\director_routes.js:355
};
^

SyntaxError: Unexpected token '}'
    at wrapSafe (internal/modules/cjs/loader.js:1047:16)
    at Module._compile (internal/modules/cjs/loader.js:1097:27)
    at Object.Module._extensions..js (internal/modules/cjs/loader.js:1153:10)
    at Module.load (internal/modules/cjs/loader.js:977:32)
    at Function.Module._load (internal/modules/cjs/loader.js:877:14)
    at Module.require (internal/modules/cjs/loader.js:1019:19)
    at require (internal/modules/cjs/helpers.js:77:18)
    at Object.<anonymous> (C:\Users\Asus\Desktop\GitHub\ucsc-e-procurement\server\src\api\index.js:9:18)
    at Module._compile (internal/modules/cjs/loader.js:1133:30)
    at Object.Module._extensions..js (internal/modules/cjs/loader.js:1153:10)
2020-08-27T19:47:41.728Z | error | uncaughtException: Unexpected token u in JSON at position 0
SyntaxError: Unexpected token u in JSON at position 0
    at JSON.parse (<anonymous>)
    at Query.<anonymous> (C:\Users\Asus\Desktop\GitHub\ucsc-e-procurement\server\src\models\director_model.js:503:20)
    at Query.<anonymous> (C:\Users\Asus\Desktop\GitHub\ucsc-e-procurement\server\node_modules\mysql\lib\Connection.js:526:10)
    at Query._callback (C:\Users\Asus\Desktop\GitHub\ucsc-e-procurement\server\node_modules\mysql\lib\Connection.js:488:16)
    at Query.Sequence.end (C:\Users\Asus\Desktop\GitHub\ucsc-e-procurement\server\node_modules\mysql\lib\protocol\sequences\Sequence.js:83:24)
    at Query.ErrorPacket (C:\Users\Asus\Desktop\GitHub\ucsc-e-procurement\server\node_modules\mysql\lib\protocol\sequences\Query.js:92:8)
    at Protocol._parsePacket (C:\Users\Asus\Desktop\GitHub\ucsc-e-procurement\server\node_modules\mysql\lib\protocol\Protocol.js:291:23)
    at Parser._parsePacket (C:\Users\Asus\Desktop\GitHub\ucsc-e-procurement\server\node_modules\mysql\lib\protocol\Parser.js:433:10)
    at Parser.write (C:\Users\Asus\Desktop\GitHub\ucsc-e-procurement\server\node_modules\mysql\lib\protocol\Parser.js:43:10)
    at Protocol.write (C:\Users\Asus\Desktop\GitHub\ucsc-e-procurement\server\node_modules\mysql\lib\protocol\Protocol.js:38:16)
